<?xml version="1.0" encoding="UTF-8"?>
<!-- Generated by org.testng.reporters.JUnitReportReporter -->
<testsuite hostname="DESKTOP-M0QICIR" failures="0" tests="1" name="Basic.TestLogin" time="0.360" errors="0" timestamp="2024-02-24T23:58:36 IST" skipped="0">
  <testcase classname="Basic.TestLogin" name="doLogin" time="0.360"/>
</testsuite> <!-- Basic.TestLogin -->
